<?xml version="1.0" encoding="UTF-8"?>
<!-- Generated by org.testng.reporters.JUnitReportReporter -->
<testsuite hostname="LP1753" failures="0" tests="1" name="test.TestNG_Demo" time="6.894" errors="0" timestamp="2022-01-21T18:12:42 BRT" skipped="0">
  <testcase classname="test.TestNG_Demo" name="googleSearchTest" time="6.894"/>
  <system-out/>
</testsuite> <!-- test.TestNG_Demo -->
